{
  "timestamp": "2026-01-13T00:30:00Z",
  "skill": "score",
  "ticker": "LULU",
  "archetype": "activist",
  "outcome": "BUY",
  "event_id": "EVT-2026-030",
  "metrics": {
    "final_score": 10.5,
    "base_score": 9.5,
    "adjustments": 1.0,
    "catalyst": 1.5,
    "mispricing": 2.0,
    "noise_survival": 2.0,
    "downside_floor": 1.5,
    "risk_reward": 2.0,
    "info_half_life": 0.5
  },
  "adjustments_applied": [
    {
      "type": "activist_tier_1",
      "value": 1.0,
      "rationale": "Elliott Management is Tier-1 activist with 83% historical success rate"
    }
  ],
  "data_sources": ["watchlist file", "Yahoo Finance", "GuruFocus", "CNBC"],
  "execution_time_ms": 1500,
  "notes": "Strong BUY decision. Score 10.5 significantly exceeds 8.25 threshold. Elliott Tier-1 activist targeting CEO replacement at stock down -47.66% in 2025. Jane Nielsen (ex-Ralph Lauren CFO/COO) proposed as CEO candidate with strong turnaround track record. McDonald departing Jan 31, 2026. Next step: Run 'open LULU' to calculate position size."
}
