{
  "timestamp": "2026-01-19T10:02:00Z",
  "skill": "monitor",
  "outcome": "COMPLETE",
  "metrics": {
    "trades_monitored": 3,
    "alerts_generated": 0,
    "actions_required": 0
  },
  "trades": [
    {
      "trade_id": "TRD-20260107-LULU-ACTIVIST",
      "ticker": "LULU",
      "price": 202.20,
      "entry_price": 211.72,
      "change_from_entry_pct": -0.045,
      "unrealized_pnl": -66.64,
      "weighted_sum": 1.0,
      "ma_200": 217.57,
      "above_200_ma": false,
      "action": "HOLD",
      "notes": "Media signal triggered (CNBC, Yahoo, BoF coverage). Below 200-MA = DEFENSIVE. McDonald departure Jan 31 (12 days)."
    },
    {
      "trade_id": "TRD-20260107-SWX-ACTIVIST",
      "ticker": "SWX",
      "price": 86.27,
      "entry_price": 80.43,
      "change_from_entry_pct": 0.0726,
      "unrealized_pnl": 105.12,
      "weighted_sum": 0.298,
      "ma_200": 77.07,
      "above_200_ma": true,
      "action": "HOLD",
      "notes": "Above 200-MA = STRONG. No new media coverage. 29.8% progress to target. Icahn 4 board seats secured."
    },
    {
      "trade_id": "TRD-20260114-LULU-ACTIVIST",
      "ticker": "LULU",
      "price": 202.20,
      "entry_price": 212.20,
      "change_from_entry_pct": -0.0471,
      "unrealized_pnl": -70.00,
      "weighted_sum": 1.0,
      "ma_200": 217.57,
      "above_200_ma": false,
      "action": "HOLD",
      "notes": "Media signal triggered. Chip Wilson also nominated 3 directors adding dual activist pressure. Below 200-MA = DEFENSIVE."
    }
  ],
  "portfolio_summary": {
    "total_positions": 3,
    "total_cost_basis": 4415.18,
    "total_unrealized_pnl": -31.52,
    "total_unrealized_pnl_pct": -0.0071,
    "positions_in_profit": 1,
    "positions_at_loss": 2
  },
  "data_sources": ["IBKR Paper", "Stooq", "Yahoo Finance", "web search (media)"],
  "execution_time_ms": 25000,
  "notes": "All positions stable. No exit signals triggered. LULU positions below 200-MA but no thesis breaks or cockroaches. SWX performing well (+7.3%) with strong technical positioning. McDonald departure Jan 31 is key near-term catalyst for LULU."
}
