{
  "timestamp": "2026-01-21T14:50:00Z",
  "skill": "monitor",
  "outcome": "COMPLETE",
  "metrics": {
    "trades_monitored": 6,
    "alerts_generated": 0,
    "alerts_updated": 1,
    "actions_required": 1
  },
  "positions": [
    {
      "trade_id": "TRD-20260107-LULU-ACTIVIST",
      "ticker": "LULU",
      "current_price": 190.36,
      "entry_price": 211.72,
      "change_pct": -10.1,
      "unrealized_pnl": -149.52,
      "weighted_sum": 1.0,
      "above_200_ma": false,
      "action": "HOLD - STOP BREACH PENDING",
      "alert": "Stop breach alert active - awaiting user decision"
    },
    {
      "trade_id": "TRD-20260114-LULU-ACTIVIST",
      "ticker": "LULU",
      "current_price": 190.36,
      "entry_price": 212.20,
      "change_pct": -10.3,
      "unrealized_pnl": -152.88,
      "weighted_sum": 1.0,
      "above_200_ma": false,
      "action": "HOLD"
    },
    {
      "trade_id": "TRD-20260107-SWX-ACTIVIST",
      "ticker": "SWX",
      "current_price": 84.57,
      "entry_price": 80.43,
      "change_pct": 5.1,
      "unrealized_pnl": 74.52,
      "weighted_sum": 0.21,
      "above_200_ma": true,
      "action": "HOLD"
    },
    {
      "trade_id": "TRD-20260119-WRB-INSIDER",
      "ticker": "WRB",
      "current_price": 67.70,
      "entry_price": 68.00,
      "change_pct": -0.4,
      "unrealized_pnl": -5.40,
      "weighted_sum": 1.0,
      "above_200_ma": false,
      "action": "HOLD"
    },
    {
      "trade_id": "TRD-20260119-BILL-ACTIVIST",
      "ticker": "BILL",
      "current_price": 44.18,
      "entry_price": 48.25,
      "change_pct": -8.4,
      "unrealized_pnl": -126.17,
      "weighted_sum": 1.0,
      "above_200_ma": false,
      "action": "HOLD"
    },
    {
      "trade_id": "TRD-20260119-RGNX-PDUFA",
      "ticker": "RGNX",
      "current_price": 14.94,
      "entry_price": 13.62,
      "change_pct": 9.7,
      "unrealized_pnl": 35.64,
      "weighted_sum": 0.08,
      "above_200_ma": true,
      "action": "HOLD",
      "catalyst": "PDUFA Feb 8 (18 days)"
    }
  ],
  "portfolio_summary": {
    "total_positions": 6,
    "winners": 2,
    "losers": 4,
    "total_unrealized_pnl": -323.81,
    "largest_gain": {"ticker": "RGNX", "pnl": 35.64},
    "largest_loss": {"ticker": "LULU (TRD-114)", "pnl": -152.88}
  },
  "data_sources": ["Stooq (price)", "Yahoo Finance (200-MA)", "web search (media)"],
  "execution_time_ms": 45000,
  "notes": "1 stop breach alert remains active (LULU TRD-107). Price recovered marginally above $190 stop ($190.36). Awaiting user decision. RGNX best performer (+9.7%). SWX strong (+5.1%). BILL weakest (-8.4%). All weighted sums < 2.0 - no info parity exit signals."
}
