{
  "timestamp": "2026-01-14T00:00:00Z",
  "skill": "monitor",
  "outcome": "COMPLETE",
  "metrics": {
    "trades_monitored": 3,
    "alerts_generated": 0,
    "actions_required": 0,
    "positions_hold": 3,
    "positions_exit_50": 0,
    "positions_full_exit": 0
  },
  "trades_summary": [
    {
      "trade_id": "TRD-20260114-LULU-ACTIVIST",
      "ticker": "LULU",
      "status": "HOLD",
      "entry_price": 212.20,
      "current_price": 212.20,
      "unrealized_pnl": 0.00,
      "unrealized_pnl_pct": 0.00,
      "weighted_sum": 1.0,
      "action": "HOLD",
      "notes": "Same-day entry. Media signal triggered (extensive coverage) but weighted sum 1.0 < 2.0 threshold. Below 200-MA but position just opened."
    },
    {
      "trade_id": "TRD-20260107-LULU-ACTIVIST",
      "ticker": "LULU",
      "status": "HOLD",
      "entry_price": 211.72,
      "current_price": 212.20,
      "unrealized_pnl": 3.36,
      "unrealized_pnl_pct": 0.0023,
      "weighted_sum": 1.0,
      "action": "HOLD",
      "notes": "Existing position, slightly positive. Media coverage continues, below 200-MA. No exit signals."
    },
    {
      "trade_id": "TRD-20260107-SWX-ACTIVIST",
      "ticker": "SWX",
      "status": "HOLD",
      "entry_price": 80.43,
      "current_price": 81.79,
      "unrealized_pnl": 24.48,
      "unrealized_pnl_pct": 0.017,
      "weighted_sum": 0.0,
      "action": "HOLD",
      "notes": "Position up +1.7%, above 200-MA. No media coverage, no exit signals. Icahn maintains 8.48% stake."
    }
  ],
  "data_sources": ["Yahoo Finance (price, 200-MA)", "Web search (media coverage)", "Previous monitoring entries"],
  "execution_time_ms": 3500,
  "notes": "All 3 positions stable. No exit signals triggered. Both LULU positions have media coverage (weighted sum 1.0) but below 2.0 exit threshold. LULU positions below 200-MA (defensive posture). SWX above 200-MA, performing well. McDonald departure in 18 days (Jan 31) is upcoming inflection point for LULU positions."
}
