{
  "timestamp": "2026-01-23T14:25:00Z",
  "skill": "monitor",
  "outcome": "COMPLETE",
  "metrics": {
    "trades_monitored": 6,
    "alerts_generated": 0,
    "alerts_updated": 1,
    "actions_required": 0
  },
  "positions": [
    {
      "trade_id": "TRD-20260107-LULU-ACTIVIST",
      "ticker": "LULU",
      "current_price": 191.90,
      "entry_price": 211.72,
      "change_pct": -9.4,
      "unrealized_pnl": -138.74,
      "weighted_sum": 0.0,
      "above_200_ma": false,
      "action": "HOLD - STOP BREACH ACKNOWLEDGED",
      "alert": "Stop breach acknowledged - user opted to hold"
    },
    {
      "trade_id": "TRD-20260114-LULU-ACTIVIST",
      "ticker": "LULU",
      "current_price": 191.90,
      "entry_price": 212.20,
      "change_pct": -9.6,
      "unrealized_pnl": -142.10,
      "weighted_sum": 0.0,
      "above_200_ma": false,
      "action": "HOLD"
    },
    {
      "trade_id": "TRD-20260107-SWX-ACTIVIST",
      "ticker": "SWX",
      "current_price": 82.84,
      "entry_price": 80.43,
      "change_pct": 3.0,
      "unrealized_pnl": 43.29,
      "weighted_sum": 0.123,
      "above_200_ma": true,
      "action": "HOLD"
    },
    {
      "trade_id": "TRD-20260119-WRB-INSIDER",
      "ticker": "WRB",
      "current_price": 66.89,
      "entry_price": 68.00,
      "change_pct": -1.6,
      "unrealized_pnl": -20.07,
      "weighted_sum": 0.0,
      "above_200_ma": false,
      "action": "HOLD"
    },
    {
      "trade_id": "TRD-20260119-BILL-ACTIVIST",
      "ticker": "BILL",
      "current_price": 48.39,
      "entry_price": 48.25,
      "change_pct": 0.2,
      "unrealized_pnl": 4.34,
      "weighted_sum": 0.011,
      "above_200_ma": true,
      "action": "HOLD"
    },
    {
      "trade_id": "TRD-20260119-RGNX-PDUFA",
      "ticker": "RGNX",
      "current_price": 14.00,
      "entry_price": 13.62,
      "change_pct": 2.8,
      "unrealized_pnl": 10.26,
      "weighted_sum": 0.022,
      "above_200_ma": true,
      "action": "HOLD",
      "catalyst": "PDUFA Feb 8 (16 days)"
    }
  ],
  "portfolio_summary": {
    "total_positions": 6,
    "winners": 3,
    "losers": 3,
    "total_unrealized_pnl": -243.02,
    "largest_gain": {"ticker": "SWX", "pnl": 43.29},
    "largest_loss": {"ticker": "LULU (TRD-114)", "pnl": -142.10}
  },
  "data_sources": ["IBKR Paper (price)", "Stooq (price)", "Yahoo Finance (200-MA)"],
  "execution_time_ms": 32000,
  "notes": "IBKR price available for LULU; Stooq/Yahoo fallback for others. Stop breach alert acknowledged for LULU TRD-107; user opted to hold. No info parity exit signals triggered."
}
