{
  "timestamp": "2026-01-07T14:20:00Z",
  "skill": "monitor",
  "outcome": "COMPLETE",
  "metrics": {
    "trades_monitored": 1,
    "alerts_generated": 0,
    "actions_required": 0,
    "exit_signals": 0,
    "positions_at_risk": 0
  },
  "trades": [
    {
      "trade_id": "TRD-20260107-SWX-ACTIVIST",
      "ticker": "SWX",
      "current_price": 80.35,
      "entry_price": 80.43,
      "change_pct": -0.1,
      "unrealized_pnl": -1.44,
      "weighted_sum": 0.0,
      "action": "HOLD",
      "notes": "Same-day entry. Price flat. Icahn cooperation agreement positive. Monitor stake percentage."
    }
  ],
  "data_sources": ["Stooq (15-min delay)", "web search (news)", "CONFIG.json"],
  "execution_time_ms": null,
  "notes": "All positions stable. No exit signals triggered. SWX: Icahn board agreement (4 seats) is bullish signal, but note recent selling pattern (Nov 2024, March 2025). Current stake 8.48% well above 5% thesis break threshold."
}
